INFO  2017-09-03 10:52:17 [1] RocketLauncher.UI.Util.FileUtils RocketLauncher.UI.Util.FileUtils.findDllFolder(:0) – 7z.dll found in D:\RETROSHUR-BETA4-FULL-EDITION\RETROSHUR-FRONTEND\Emuladores\RocketLauncher\RocketLauncherUI\lib
DEBUG 2017-09-03 10:52:17 [1] RocketLauncher.UI.Ini.RocketLauncherUIIni RocketLauncher.UI.Ini.RocketLauncherUIIni..ctor(:0) – RocketLauncherUI ini file path is D:\RETROSHUR-BETA4-FULL-EDITION\RETROSHUR-FRONTEND\Emuladores\RocketLauncher\RocketLauncherUI\Settings\RocketLauncherUI.ini
DEBUG 2017-09-03 10:52:17 [1] RocketLauncher.UI.Ini.IniFile RocketLauncher.UI.Ini.IniFile..ctor(:0) – Loading INI File D:\RETROSHUR-BETA4-FULL-EDITION\RETROSHUR-FRONTEND\Emuladores\RocketLauncher\RocketLauncherUI\Settings\RocketLauncherUI.ini
DEBUG 2017-09-03 10:52:17 [1] RocketLauncher.UI.Ini.RocketLauncherUIIni RocketLauncher.UI.Ini.RocketLauncherUIIni.readIniValues(:0) – Window coordinates are : 1150|960|409|39
DEBUG 2017-09-03 10:52:17 [1] RocketLauncher.UI.Util.AdsUtil RocketLauncher.UI.Util.AdsUtil.checkIfFileIsBlocked(:0) – Security zone for 'D:\RETROSHUR-BETA4-FULL-EDITION\RETROSHUR-FRONTEND\Emuladores\RocketLauncher\Module Extensions\RocketLauncher.dll' is MyComputer
DEBUG 2017-09-03 10:52:17 [1] RocketLauncher.UI.Database.DatabasePluginManager RocketLauncher.UI.Database.DatabasePluginManager.BuildAssembly(:0) – LinqXML is at C:\WINDOWS\Microsoft.Net\assembly\GAC_MSIL\System.Xml.Linq\v4.0_4.0.0.0__b77a5c561934e089\System.Xml.Linq.dll
DEBUG 2017-09-03 10:52:17 [1] RocketLauncher.UI.Database.DatabasePluginManager RocketLauncher.UI.Database.DatabasePluginManager.BuildAssembly(:0) – LinqXML is at C:\WINDOWS\Microsoft.Net\assembly\GAC_MSIL\System.Xml.Linq\v4.0_4.0.0.0__b77a5c561934e089\System.Xml.Linq.dll
DEBUG 2017-09-03 10:52:17 [1] RocketLauncher.UI.Database.DatabasePluginManager RocketLauncher.UI.Database.DatabasePluginManager.BuildAssembly(:0) – LinqXML is at C:\WINDOWS\Microsoft.Net\assembly\GAC_MSIL\System.Xml.Linq\v4.0_4.0.0.0__b77a5c561934e089\System.Xml.Linq.dll
DEBUG 2017-09-03 10:52:17 [1] RocketLauncher.UI.Database.DatabasePluginManager RocketLauncher.UI.Database.DatabasePluginManager.BuildAssembly(:0) – LinqXML is at C:\WINDOWS\Microsoft.Net\assembly\GAC_MSIL\System.Xml.Linq\v4.0_4.0.0.0__b77a5c561934e089\System.Xml.Linq.dll
DEBUG 2017-09-03 10:52:17 [1] RocketLauncher.UI.Database.DatabasePluginManager RocketLauncher.UI.Database.DatabasePluginManager.BuildAssembly(:0) – LinqXML is at C:\WINDOWS\Microsoft.Net\assembly\GAC_MSIL\System.Xml.Linq\v4.0_4.0.0.0__b77a5c561934e089\System.Xml.Linq.dll
DEBUG 2017-09-03 10:52:18 [1] RocketLauncher.UI.Database.DatabasePluginManager RocketLauncher.UI.Database.DatabasePluginManager.BuildAssembly(:0) – LinqXML is at C:\WINDOWS\Microsoft.Net\assembly\GAC_MSIL\System.Xml.Linq\v4.0_4.0.0.0__b77a5c561934e089\System.Xml.Linq.dll
DEBUG 2017-09-03 10:52:18 [1] RocketLauncher.UI.Ini.FrontendIni RocketLauncher.UI.Ini.FrontendIni..ctor(:0) – Frontends ini file path is D:\RETROSHUR-BETA4-FULL-EDITION\RETROSHUR-FRONTEND\Emuladores\RocketLauncher\RocketLauncherUI\Settings\Frontends.ini
DEBUG 2017-09-03 10:52:18 [1] RocketLauncher.UI.Ini.IniFile RocketLauncher.UI.Ini.IniFile..ctor(:0) – Loading INI File D:\RETROSHUR-BETA4-FULL-EDITION\RETROSHUR-FRONTEND\Emuladores\RocketLauncher\RocketLauncherUI\Settings\Frontends.ini
DEBUG 2017-09-03 10:52:18 [1] RocketLauncher.UI.Ini.RocketLauncherUIIni RocketLauncher.UI.Ini.RocketLauncherUIIni..ctor(:0) – RocketLauncherUI ini file path is D:\RETROSHUR-BETA4-FULL-EDITION\RETROSHUR-FRONTEND\Emuladores\RocketLauncher\RocketLauncherUI\Settings\RocketLauncherUI.ini
DEBUG 2017-09-03 10:52:18 [1] RocketLauncher.UI.Ini.IniFile RocketLauncher.UI.Ini.IniFile..ctor(:0) – Loading INI File D:\RETROSHUR-BETA4-FULL-EDITION\RETROSHUR-FRONTEND\Emuladores\RocketLauncher\RocketLauncherUI\Settings\RocketLauncherUI.ini
DEBUG 2017-09-03 10:52:18 [1] RocketLauncher.UI.Ini.RocketLauncherUIIni RocketLauncher.UI.Ini.RocketLauncherUIIni.readIniValues(:0) – Window coordinates are : 1150|960|409|39
DEBUG 2017-09-03 10:52:18 [1] RocketLauncher.UI.Ini.RocketLauncherUIIni RocketLauncher.UI.Ini.RocketLauncherUIIni..ctor(:0) – RocketLauncherUI ini file path is D:\RETROSHUR-BETA4-FULL-EDITION\RETROSHUR-FRONTEND\Emuladores\RocketLauncher\RocketLauncherUI\Settings\RocketLauncherUI.ini
DEBUG 2017-09-03 10:52:18 [1] RocketLauncher.UI.Ini.IniFile RocketLauncher.UI.Ini.IniFile..ctor(:0) – Loading INI File D:\RETROSHUR-BETA4-FULL-EDITION\RETROSHUR-FRONTEND\Emuladores\RocketLauncher\RocketLauncherUI\Settings\RocketLauncherUI.ini
DEBUG 2017-09-03 10:52:18 [1] RocketLauncher.UI.Ini.RocketLauncherUIIni RocketLauncher.UI.Ini.RocketLauncherUIIni.readIniValues(:0) – Window coordinates are : 1150|960|409|39
DEBUG 2017-09-03 10:52:18 [1] RocketLauncher.UI.Ini.FrontendIni RocketLauncher.UI.Ini.FrontendIni..ctor(:0) – Frontends ini file path is D:\RETROSHUR-BETA4-FULL-EDITION\RETROSHUR-FRONTEND\Emuladores\RocketLauncher\RocketLauncherUI\Settings\Frontends.ini
DEBUG 2017-09-03 10:52:18 [1] RocketLauncher.UI.Ini.IniFile RocketLauncher.UI.Ini.IniFile..ctor(:0) – Loading INI File D:\RETROSHUR-BETA4-FULL-EDITION\RETROSHUR-FRONTEND\Emuladores\RocketLauncher\RocketLauncherUI\Settings\Frontends.ini
DEBUG 2017-09-03 10:52:18 [1] RocketLauncher.UI.Forms.BaseWindow RocketLauncher.UI.Forms.BaseWindow..ctor(:0) – Main Folder is D:\RETROSHUR-BETA4-FULL-EDITION\RETROSHUR-FRONTEND\Emuladores\RocketLauncher
DEBUG 2017-09-03 10:52:18 [1] RocketLauncher.UI.Forms.BaseWindow RocketLauncher.UI.Forms.BaseWindow..ctor(:0) – Initializing Emulator Settings...
DEBUG 2017-09-03 10:52:18 [1] RocketLauncher.UI.Forms.BaseWindow RocketLauncher.UI.Forms.BaseWindow..ctor(:0) – Initializing Game Settings...
DEBUG 2017-09-03 10:52:18 [1] RocketLauncher.UI.Forms.BaseWindow RocketLauncher.UI.Forms.BaseWindow..ctor(:0) – Initializing Global RocketLauncher Settings...
DEBUG 2017-09-03 10:52:18 [1] RocketLauncher.UI.Ini.IniFile RocketLauncher.UI.Ini.IniFile..ctor(:0) – Loading INI File D:\RETROSHUR-BETA4-FULL-EDITION\RETROSHUR-FRONTEND\Emuladores\RocketLauncher\Settings\RocketLauncher.ini
DEBUG 2017-09-03 10:52:18 [1] RocketLauncher.UI.Forms.BaseWindow RocketLauncher.UI.Forms.BaseWindow..ctor(:0) – Initializing RocketLauncher Settings...
DEBUG 2017-09-03 10:52:18 [1] RocketLauncher.UI.Forms.BaseWindow RocketLauncher.UI.Forms.BaseWindow..ctor(:0) – Initializing Pause Settings...
DEBUG 2017-09-03 10:52:18 [1] RocketLauncher.UI.Forms.BaseWindow RocketLauncher.UI.Forms.BaseWindow..ctor(:0) – Initializing Bezel Settings...
DEBUG 2017-09-03 10:52:18 [1] RocketLauncher.UI.Forms.BaseWindow RocketLauncher.UI.Forms.BaseWindow..ctor(:0) – Initializing Plugins Settings...
DEBUG 2017-09-03 10:52:18 [1] RocketLauncher.UI.Forms.BaseWindow RocketLauncher.UI.Forms.BaseWindow..ctor(:0) – Frontend folder is D:\RETROSHUR-BETA4-FULL-EDITION\RETROSHUR-FRONTEND\Emuladores\RocketLauncher\RocketLauncherUI
DEBUG 2017-09-03 10:52:18 [1] RocketLauncher.UI.Forms.BaseWindow RocketLauncher.UI.Forms.BaseWindow..ctor(:0) – Reading RLUI version
DEBUG 2017-09-03 10:52:18 [1] RocketLauncher.UI.Forms.BaseWindow RocketLauncher.UI.Forms.BaseWindow..ctor(:0) – AssemblyVersion is 1.0.1.7, FileVersion is 1.0.1.7
DEBUG 2017-09-03 10:52:18 [1] RocketLauncher.UI.Forms.BaseWindow RocketLauncher.UI.Forms.BaseWindow.loadSystems(:0) – Loading systems...
DEBUG 2017-09-03 10:52:18 [1] RocketLauncher.UI.Forms.BaseWindow RocketLauncher.UI.Forms.BaseWindow.loadSystems(:0) – RLUI Media folder is set to : .\Media
DEBUG 2017-09-03 10:52:18 [1] RocketLauncher.UI.Forms.BaseWindow RocketLauncher.UI.Forms.BaseWindow.loadSystems(:0) – Searching for icons in : D:\RETROSHUR-BETA4-FULL-EDITION\RETROSHUR-FRONTEND\Emuladores\RocketLauncher\RocketLauncherUI\Media\Icons\GLOBAL.png
DEBUG 2017-09-03 10:52:18 [1] RocketLauncher.UI.Forms.BaseWindow RocketLauncher.UI.Forms.BaseWindow.loadSystems(:0) – Searching for logos in : D:\RETROSHUR-BETA4-FULL-EDITION\RETROSHUR-FRONTEND\Emuladores\RocketLauncher\RocketLauncherUI\Media\Icons\GLOBAL.png
DEBUG 2017-09-03 10:52:18 [1] RocketLauncher.UI.Forms.BaseWindow RocketLauncher.UI.Forms.BaseWindow.refreshSystemsList(:0) – Database being read from Systems.xml according to plugin
DEBUG 2017-09-03 10:52:18 [1] RocketLauncher.UI.Forms.BaseWindow RocketLauncher.UI.Forms.BaseWindow.refreshSystemsList(:0) – Loading systems complete. 62 systems found
DEBUG 2017-09-03 10:52:18 [1] RocketLauncher.UI.Forms.BaseWindow RocketLauncher.UI.Forms.BaseWindow..ctor(:0) – Initializing Components
DEBUG 2017-09-03 10:52:21 [1] RocketLauncher.UI.Controls.RocketLauncherUIPanel RocketLauncher.UI.Controls.RocketLauncherUIPanel..ctor(:0) – Initializing RocketLauncherUIPanel
DEBUG 2017-09-03 10:52:21 [1] RocketLauncher.UI.Controls.RocketLauncherUIPanel RocketLauncher.UI.Controls.RocketLauncherUIPanel..ctor(:0) – RocketLauncherUIPanel Initialization complete
DEBUG 2017-09-03 10:52:21 [1] RocketLauncher.UI.Forms.BaseWindow RocketLauncher.UI.Forms.BaseWindow..ctor(:0) – Initializing Systray
DEBUG 2017-09-03 10:52:21 [1] RocketLauncher.UI.Forms.BaseWindow RocketLauncher.UI.Forms.BaseWindow..ctor(:0) – Reading version info
DEBUG 2017-09-03 10:52:21 [1] RocketLauncher.UI.Controls.RocketLauncherUIPanel RocketLauncher.UI.Controls.RocketLauncherUIPanel.CheckWinMgmtService(:0) – Detecting if WMI Service is running...
INFO  2017-09-03 10:52:21 [1] RocketLauncher.UI.Controls.RocketLauncherUIPanel RocketLauncher.UI.Controls.RocketLauncherUIPanel.CheckWinMgmtService(:0) – WMI Service is running
DEBUG 2017-09-03 10:52:21 [1] RocketLauncher.UI.Forms.BaseWindow RocketLauncher.UI.Forms.BaseWindow.updateWindowTitle(:0) – Updating Main Window title...
DEBUG 2017-09-03 10:52:21 [1] RocketLauncher.UI.Forms.BaseWindow RocketLauncher.UI.Forms.BaseWindow.updateWindowTitle(:0) – Active plugin is RocketLauncherUI on version v1.0.0
DEBUG 2017-09-03 10:52:21 [1] RocketLauncher.UI.Forms.BaseWindow RocketLauncher.UI.Forms.BaseWindow.updateWindowTitle(:0) – Main Window title Updated to RocketLauncherUI v1.0.1.7 [ FE = RocketLauncherUI | Plugin = RocketLauncherUI ]
DEBUG 2017-09-03 10:52:21 [1] RocketLauncher.UI.Forms.BaseWindow RocketLauncher.UI.Forms.BaseWindow..ctor(:0) – Loading Joysticks from Constructor
DEBUG 2017-09-03 10:52:21 [1] RocketLauncher.UI.Forms.BaseWindow RocketLauncher.UI.Forms.BaseWindow.LoadConnectedJoysticks(:0) – getConnectedJoystickOEMNames from LoadConnectedJoysticks : True
DEBUG 2017-09-03 10:52:21 [1] RocketLauncher.UI.Util.JoystickUtil RocketLauncher.UI.Util.JoystickUtil.queryJoysticks(:0) – Forcing JoyConfigChanged...
DEBUG 2017-09-03 10:52:21 [1] RocketLauncher.UI.Util.JoystickUtil RocketLauncher.UI.Util.JoystickUtil.queryJoysticks(:0) – JoyConfigChanged Complete
DEBUG 2017-09-03 10:52:21 [1] RocketLauncher.UI.Util.JoystickUtil RocketLauncher.UI.Util.JoystickUtil.getNumberOfJoysticksForDriver(:0) – Reading Joystick Driver Info
DEBUG 2017-09-03 10:52:21 [1] RocketLauncher.UI.Util.JoystickUtil RocketLauncher.UI.Util.JoystickUtil.getNumberOfJoysticksForDriver(:0) – Driver Info Returned 16
DEBUG 2017-09-03 10:52:21 [1] RocketLauncher.UI.Util.JoystickUtil RocketLauncher.UI.Util.JoystickUtil.getJoystickInfoEx(:0) – Reading Joystick Extended Info for ID 0
DEBUG 2017-09-03 10:52:21 [1] RocketLauncher.UI.Util.JoystickUtil RocketLauncher.UI.Util.JoystickUtil.getJoystickInfoEx(:0) – Extended Info is 0
DEBUG 2017-09-03 10:52:21 [1] RocketLauncher.UI.Util.JoystickUtil RocketLauncher.UI.Util.JoystickUtil.getJoystickInfoEx(:0) – Reading Joystick Extended Info for ID 1
DEBUG 2017-09-03 10:52:21 [1] RocketLauncher.UI.Util.JoystickUtil RocketLauncher.UI.Util.JoystickUtil.getJoystickInfoEx(:0) – Extended Info is 165
DEBUG 2017-09-03 10:52:21 [1] RocketLauncher.UI.Util.JoystickUtil RocketLauncher.UI.Util.JoystickUtil.getJoystickInfoEx(:0) – Reading Joystick Extended Info for ID 2
DEBUG 2017-09-03 10:52:21 [1] RocketLauncher.UI.Util.JoystickUtil RocketLauncher.UI.Util.JoystickUtil.getJoystickInfoEx(:0) – Extended Info is 165
DEBUG 2017-09-03 10:52:21 [1] RocketLauncher.UI.Util.JoystickUtil RocketLauncher.UI.Util.JoystickUtil.getJoystickInfoEx(:0) – Reading Joystick Extended Info for ID 3
DEBUG 2017-09-03 10:52:21 [1] RocketLauncher.UI.Util.JoystickUtil RocketLauncher.UI.Util.JoystickUtil.getJoystickInfoEx(:0) – Extended Info is 165
DEBUG 2017-09-03 10:52:21 [1] RocketLauncher.UI.Util.JoystickUtil RocketLauncher.UI.Util.JoystickUtil.getJoystickInfoEx(:0) – Reading Joystick Extended Info for ID 4
DEBUG 2017-09-03 10:52:21 [1] RocketLauncher.UI.Util.JoystickUtil RocketLauncher.UI.Util.JoystickUtil.getJoystickInfoEx(:0) – Extended Info is 165
DEBUG 2017-09-03 10:52:21 [1] RocketLauncher.UI.Util.JoystickUtil RocketLauncher.UI.Util.JoystickUtil.getJoystickInfoEx(:0) – Reading Joystick Extended Info for ID 5
DEBUG 2017-09-03 10:52:21 [1] RocketLauncher.UI.Util.JoystickUtil RocketLauncher.UI.Util.JoystickUtil.getJoystickInfoEx(:0) – Extended Info is 165
DEBUG 2017-09-03 10:52:21 [1] RocketLauncher.UI.Util.JoystickUtil RocketLauncher.UI.Util.JoystickUtil.getJoystickInfoEx(:0) – Reading Joystick Extended Info for ID 6
DEBUG 2017-09-03 10:52:21 [1] RocketLauncher.UI.Util.JoystickUtil RocketLauncher.UI.Util.JoystickUtil.getJoystickInfoEx(:0) – Extended Info is 165
DEBUG 2017-09-03 10:52:21 [1] RocketLauncher.UI.Util.JoystickUtil RocketLauncher.UI.Util.JoystickUtil.getJoystickInfoEx(:0) – Reading Joystick Extended Info for ID 7
DEBUG 2017-09-03 10:52:21 [1] RocketLauncher.UI.Util.JoystickUtil RocketLauncher.UI.Util.JoystickUtil.getJoystickInfoEx(:0) – Extended Info is 165
DEBUG 2017-09-03 10:52:21 [1] RocketLauncher.UI.Util.JoystickUtil RocketLauncher.UI.Util.JoystickUtil.getJoystickInfoEx(:0) – Reading Joystick Extended Info for ID 8
DEBUG 2017-09-03 10:52:21 [1] RocketLauncher.UI.Util.JoystickUtil RocketLauncher.UI.Util.JoystickUtil.getJoystickInfoEx(:0) – Extended Info is 165
DEBUG 2017-09-03 10:52:21 [1] RocketLauncher.UI.Util.JoystickUtil RocketLauncher.UI.Util.JoystickUtil.getJoystickInfoEx(:0) – Reading Joystick Extended Info for ID 9
DEBUG 2017-09-03 10:52:21 [1] RocketLauncher.UI.Util.JoystickUtil RocketLauncher.UI.Util.JoystickUtil.getJoystickInfoEx(:0) – Extended Info is 165
DEBUG 2017-09-03 10:52:21 [1] RocketLauncher.UI.Util.JoystickUtil RocketLauncher.UI.Util.JoystickUtil.getJoystickInfoEx(:0) – Reading Joystick Extended Info for ID 10
DEBUG 2017-09-03 10:52:21 [1] RocketLauncher.UI.Util.JoystickUtil RocketLauncher.UI.Util.JoystickUtil.getJoystickInfoEx(:0) – Extended Info is 165
DEBUG 2017-09-03 10:52:21 [1] RocketLauncher.UI.Util.JoystickUtil RocketLauncher.UI.Util.JoystickUtil.getJoystickInfoEx(:0) – Reading Joystick Extended Info for ID 11
DEBUG 2017-09-03 10:52:21 [1] RocketLauncher.UI.Util.JoystickUtil RocketLauncher.UI.Util.JoystickUtil.getJoystickInfoEx(:0) – Extended Info is 165
DEBUG 2017-09-03 10:52:21 [1] RocketLauncher.UI.Util.JoystickUtil RocketLauncher.UI.Util.JoystickUtil.getJoystickInfoEx(:0) – Reading Joystick Extended Info for ID 12
DEBUG 2017-09-03 10:52:21 [1] RocketLauncher.UI.Util.JoystickUtil RocketLauncher.UI.Util.JoystickUtil.getJoystickInfoEx(:0) – Extended Info is 165
DEBUG 2017-09-03 10:52:21 [1] RocketLauncher.UI.Util.JoystickUtil RocketLauncher.UI.Util.JoystickUtil.getJoystickInfoEx(:0) – Reading Joystick Extended Info for ID 13
DEBUG 2017-09-03 10:52:21 [1] RocketLauncher.UI.Util.JoystickUtil RocketLauncher.UI.Util.JoystickUtil.getJoystickInfoEx(:0) – Extended Info is 165
DEBUG 2017-09-03 10:52:21 [1] RocketLauncher.UI.Util.JoystickUtil RocketLauncher.UI.Util.JoystickUtil.getJoystickInfoEx(:0) – Reading Joystick Extended Info for ID 14
DEBUG 2017-09-03 10:52:21 [1] RocketLauncher.UI.Util.JoystickUtil RocketLauncher.UI.Util.JoystickUtil.getJoystickInfoEx(:0) – Extended Info is 165
DEBUG 2017-09-03 10:52:21 [1] RocketLauncher.UI.Util.JoystickUtil RocketLauncher.UI.Util.JoystickUtil.getJoystickInfoEx(:0) – Reading Joystick Extended Info for ID 15
DEBUG 2017-09-03 10:52:21 [1] RocketLauncher.UI.Util.JoystickUtil RocketLauncher.UI.Util.JoystickUtil.getJoystickInfoEx(:0) – Extended Info is 165
DEBUG 2017-09-03 10:52:21 [1] RocketLauncher.UI.Util.JoystickUtil RocketLauncher.UI.Util.JoystickUtil.getJoystickCapabilities(:0) – Reading Joystick Capabilities for ID 0
DEBUG 2017-09-03 10:52:21 [1] RocketLauncher.UI.Util.JoystickUtil RocketLauncher.UI.Util.JoystickUtil.getJoystickCapabilities(:0) – Capabilities are 0
DEBUG 2017-09-03 10:52:21 [1] RocketLauncher.UI.Util.JoystickUtil RocketLauncher.UI.Util.JoystickUtil.getOEMName(:0) – Reading User OEM Name for VID_0E8F&PID_0003
DEBUG 2017-09-03 10:52:21 [1] RocketLauncher.UI.Util.JoystickUtil RocketLauncher.UI.Util.JoystickUtil.getOEMName(:0) – Name is null
DEBUG 2017-09-03 10:52:21 [1] RocketLauncher.UI.Util.JoystickUtil RocketLauncher.UI.Util.JoystickUtil.getOEMName(:0) – Reading User OEM Name for VID_0E8F&PID_0003
DEBUG 2017-09-03 10:52:21 [1] RocketLauncher.UI.Util.JoystickUtil RocketLauncher.UI.Util.JoystickUtil.getOEMName(:0) – Name is USB Joystick
DEBUG 2017-09-03 10:52:21 [1] RocketLauncher.UI.Ini.IniFile RocketLauncher.UI.Ini.IniFile..ctor(:0) – Loading INI File D:\RETROSHUR-BETA4-FULL-EDITION\RETROSHUR-FRONTEND\Emuladores\RocketLauncher\Settings\Global Emulators.ini
DEBUG 2017-09-03 10:52:21 [1] RocketLauncher.UI.Ini.IniFile RocketLauncher.UI.Ini.IniFile..ctor(:0) – Loading INI File D:\RETROSHUR-BETA4-FULL-EDITION\RETROSHUR-FRONTEND\Emuladores\RocketLauncher\Settings\Global RocketLauncher.ini
DEBUG 2017-09-03 10:52:21 [1] RocketLauncher.UI.Ini.IniFile RocketLauncher.UI.Ini.IniFile..ctor(:0) – Loading INI File D:\RETROSHUR-BETA4-FULL-EDITION\RETROSHUR-FRONTEND\Emuladores\RocketLauncher\Settings\Global Pause.ini
DEBUG 2017-09-03 10:52:21 [1] RocketLauncher.UI.Ini.IniFile RocketLauncher.UI.Ini.IniFile..ctor(:0) – Loading INI File D:\RETROSHUR-BETA4-FULL-EDITION\RETROSHUR-FRONTEND\Emuladores\RocketLauncher\Settings\Global Bezel.ini
DEBUG 2017-09-03 10:52:21 [1] RocketLauncher.UI.Ini.IniFile RocketLauncher.UI.Ini.IniFile..ctor(:0) – Loading INI File D:\RETROSHUR-BETA4-FULL-EDITION\RETROSHUR-FRONTEND\Emuladores\RocketLauncher\Settings\Global Plugins.ini
DEBUG 2017-09-03 10:52:21 [1] RocketLauncher.UI.Forms.BaseWindow RocketLauncher.UI.Forms.BaseWindow..ctor(:0) – Loading Modules
DEBUG 2017-09-03 10:52:21 [1] RocketLauncher.UI.Controls.ModulePanel RocketLauncher.UI.Controls.ModulePanel.GenerateModuleList(:0) – Loading modules from D:\RETROSHUR-BETA4-FULL-EDITION\RETROSHUR-FRONTEND\Emuladores\RocketLauncher\Modules
DEBUG 2017-09-03 10:52:21 [1] RocketLauncher.UI.Forms.BaseWindow RocketLauncher.UI.Forms.BaseWindow..ctor(:0) – Loading Keymapper Profiles
DEBUG 2017-09-03 10:52:21 [1] RocketLauncher.UI.Util.KeymapperLoader RocketLauncher.UI.Util.KeymapperLoader.getSystemNames(:0) – Loading System Names...
DEBUG 2017-09-03 10:52:21 [1] RocketLauncher.UI.Util.KeymapperLoader RocketLauncher.UI.Util.KeymapperLoader.getGlobalEmuNames(:0) – Loading Global Emulator Names...
DEBUG 2017-09-03 10:52:21 [1] RocketLauncher.UI.Util.KeymapperLoader RocketLauncher.UI.Util.KeymapperLoader.getSystemEmuNames(:0) – Loading System Emulator Names...
DEBUG 2017-09-03 10:52:21 [1] RocketLauncher.UI.Util.KeymapperLoader RocketLauncher.UI.Util.KeymapperLoader.getJoystickNames(:0) – Loading Joystick Names...
DEBUG 2017-09-03 10:52:21 [1] RocketLauncher.UI.Util.JoystickUtil RocketLauncher.UI.Util.JoystickUtil.getLocalOEMIds(:0) – Reading OEM Ids...
DEBUG 2017-09-03 10:52:21 [1] RocketLauncher.UI.Util.JoystickUtil RocketLauncher.UI.Util.JoystickUtil.getLocalOEMIds(:0) – Found 31 entries
DEBUG 2017-09-03 10:52:21 [1] RocketLauncher.UI.Util.JoystickUtil RocketLauncher.UI.Util.JoystickUtil.getUserOEMIds(:0) – Reading User OEM Ids...
DEBUG 2017-09-03 10:52:21 [1] RocketLauncher.UI.Util.JoystickUtil RocketLauncher.UI.Util.JoystickUtil.getUserOEMIds(:0) – Found 9 entries
DEBUG 2017-09-03 10:52:21 [1] RocketLauncher.UI.Util.JoystickUtil RocketLauncher.UI.Util.JoystickUtil.getOEMName(:0) – Reading User OEM Name for VID_044F&PID_A012
DEBUG 2017-09-03 10:52:21 [1] RocketLauncher.UI.Util.JoystickUtil RocketLauncher.UI.Util.JoystickUtil.getOEMName(:0) – Name is null
DEBUG 2017-09-03 10:52:21 [1] RocketLauncher.UI.Util.JoystickUtil RocketLauncher.UI.Util.JoystickUtil.getOEMName(:0) – Reading User OEM Name for VID_044F&PID_B202
DEBUG 2017-09-03 10:52:21 [1] RocketLauncher.UI.Util.JoystickUtil RocketLauncher.UI.Util.JoystickUtil.getOEMName(:0) – Name is null
DEBUG 2017-09-03 10:52:21 [1] RocketLauncher.UI.Util.JoystickUtil RocketLauncher.UI.Util.JoystickUtil.getOEMName(:0) – Reading User OEM Name for VID_045E&PID_000E
DEBUG 2017-09-03 10:52:21 [1] RocketLauncher.UI.Util.JoystickUtil RocketLauncher.UI.Util.JoystickUtil.getOEMName(:0) – Name is null
DEBUG 2017-09-03 10:52:21 [1] RocketLauncher.UI.Util.JoystickUtil RocketLauncher.UI.Util.JoystickUtil.getOEMName(:0) – Reading User OEM Name for VID_045E&PID_001A
DEBUG 2017-09-03 10:52:21 [1] RocketLauncher.UI.Util.JoystickUtil RocketLauncher.UI.Util.JoystickUtil.getOEMName(:0) – Name is null
DEBUG 2017-09-03 10:52:21 [1] RocketLauncher.UI.Util.JoystickUtil RocketLauncher.UI.Util.JoystickUtil.getOEMName(:0) – Reading User OEM Name for VID_045E&PID_001B
DEBUG 2017-09-03 10:52:21 [1] RocketLauncher.UI.Util.JoystickUtil RocketLauncher.UI.Util.JoystickUtil.getOEMName(:0) – Name is null
DEBUG 2017-09-03 10:52:21 [1] RocketLauncher.UI.Util.JoystickUtil RocketLauncher.UI.Util.JoystickUtil.getOEMName(:0) – Reading User OEM Name for VID_045E&PID_0026
DEBUG 2017-09-03 10:52:21 [1] RocketLauncher.UI.Util.JoystickUtil RocketLauncher.UI.Util.JoystickUtil.getOEMName(:0) – Name is null
DEBUG 2017-09-03 10:52:21 [1] RocketLauncher.UI.Util.JoystickUtil RocketLauncher.UI.Util.JoystickUtil.getOEMName(:0) – Reading User OEM Name for VID_045E&PID_0034
DEBUG 2017-09-03 10:52:21 [1] RocketLauncher.UI.Util.JoystickUtil RocketLauncher.UI.Util.JoystickUtil.getOEMName(:0) – Name is null
DEBUG 2017-09-03 10:52:21 [1] RocketLauncher.UI.Util.JoystickUtil RocketLauncher.UI.Util.JoystickUtil.getOEMName(:0) – Reading User OEM Name for VID_045E&PID_0038
DEBUG 2017-09-03 10:52:21 [1] RocketLauncher.UI.Util.JoystickUtil RocketLauncher.UI.Util.JoystickUtil.getOEMName(:0) – Name is null
DEBUG 2017-09-03 10:52:21 [1] RocketLauncher.UI.Util.JoystickUtil RocketLauncher.UI.Util.JoystickUtil.getOEMName(:0) – Reading User OEM Name for VID_045E&PID_003B
DEBUG 2017-09-03 10:52:21 [1] RocketLauncher.UI.Util.JoystickUtil RocketLauncher.UI.Util.JoystickUtil.getOEMName(:0) – Name is null
DEBUG 2017-09-03 10:52:21 [1] RocketLauncher.UI.Util.JoystickUtil RocketLauncher.UI.Util.JoystickUtil.getOEMName(:0) – Reading User OEM Name for VID_046D&PID_C029
DEBUG 2017-09-03 10:52:21 [1] RocketLauncher.UI.Util.JoystickUtil RocketLauncher.UI.Util.JoystickUtil.getOEMName(:0) – Name is null
DEBUG 2017-09-03 10:52:21 [1] RocketLauncher.UI.Util.JoystickUtil RocketLauncher.UI.Util.JoystickUtil.getOEMName(:0) – Reading User OEM Name for VID_046D&PID_C202
DEBUG 2017-09-03 10:52:21 [1] RocketLauncher.UI.Util.JoystickUtil RocketLauncher.UI.Util.JoystickUtil.getOEMName(:0) – Name is null
DEBUG 2017-09-03 10:52:21 [1] RocketLauncher.UI.Util.JoystickUtil RocketLauncher.UI.Util.JoystickUtil.getOEMName(:0) – Reading User OEM Name for VID_046D&PID_C208
DEBUG 2017-09-03 10:52:21 [1] RocketLauncher.UI.Util.JoystickUtil RocketLauncher.UI.Util.JoystickUtil.getOEMName(:0) – Name is null
DEBUG 2017-09-03 10:52:21 [1] RocketLauncher.UI.Util.JoystickUtil RocketLauncher.UI.Util.JoystickUtil.getOEMName(:0) – Reading User OEM Name for VID_046D&PID_C209
DEBUG 2017-09-03 10:52:21 [1] RocketLauncher.UI.Util.JoystickUtil RocketLauncher.UI.Util.JoystickUtil.getOEMName(:0) – Name is null
DEBUG 2017-09-03 10:52:21 [1] RocketLauncher.UI.Util.JoystickUtil RocketLauncher.UI.Util.JoystickUtil.getOEMName(:0) – Reading User OEM Name for VID_046D&PID_C20A
DEBUG 2017-09-03 10:52:21 [1] RocketLauncher.UI.Util.JoystickUtil RocketLauncher.UI.Util.JoystickUtil.getOEMName(:0) – Name is null
DEBUG 2017-09-03 10:52:21 [1] RocketLauncher.UI.Util.JoystickUtil RocketLauncher.UI.Util.JoystickUtil.getOEMName(:0) – Reading User OEM Name for VID_046D&PID_C291
DEBUG 2017-09-03 10:52:21 [1] RocketLauncher.UI.Util.JoystickUtil RocketLauncher.UI.Util.JoystickUtil.getOEMName(:0) – Name is null
DEBUG 2017-09-03 10:52:21 [1] RocketLauncher.UI.Util.JoystickUtil RocketLauncher.UI.Util.JoystickUtil.getOEMName(:0) – Reading User OEM Name for VID_046D&PID_C293
DEBUG 2017-09-03 10:52:21 [1] RocketLauncher.UI.Util.JoystickUtil RocketLauncher.UI.Util.JoystickUtil.getOEMName(:0) – Name is null
DEBUG 2017-09-03 10:52:21 [1] RocketLauncher.UI.Util.JoystickUtil RocketLauncher.UI.Util.JoystickUtil.getOEMName(:0) – Reading User OEM Name for VID_047D&PID_3001
DEBUG 2017-09-03 10:52:21 [1] RocketLauncher.UI.Util.JoystickUtil RocketLauncher.UI.Util.JoystickUtil.getOEMName(:0) – Name is null
DEBUG 2017-09-03 10:52:21 [1] RocketLauncher.UI.Util.JoystickUtil RocketLauncher.UI.Util.JoystickUtil.getOEMName(:0) – Reading User OEM Name for VID_047D&PID_3004
DEBUG 2017-09-03 10:52:21 [1] RocketLauncher.UI.Util.JoystickUtil RocketLauncher.UI.Util.JoystickUtil.getOEMName(:0) – Name is null
DEBUG 2017-09-03 10:52:21 [1] RocketLauncher.UI.Util.JoystickUtil RocketLauncher.UI.Util.JoystickUtil.getOEMName(:0) – Reading User OEM Name for VID_047D&PID_3005
DEBUG 2017-09-03 10:52:21 [1] RocketLauncher.UI.Util.JoystickUtil RocketLauncher.UI.Util.JoystickUtil.getOEMName(:0) – Name is null
DEBUG 2017-09-03 10:52:21 [1] RocketLauncher.UI.Util.JoystickUtil RocketLauncher.UI.Util.JoystickUtil.getOEMName(:0) – Reading User OEM Name for VID_047D&PID_4003
DEBUG 2017-09-03 10:52:21 [1] RocketLauncher.UI.Util.JoystickUtil RocketLauncher.UI.Util.JoystickUtil.getOEMName(:0) – Name is null
DEBUG 2017-09-03 10:52:21 [1] RocketLauncher.UI.Util.JoystickUtil RocketLauncher.UI.Util.JoystickUtil.getOEMName(:0) – Reading User OEM Name for VID_047D&PID_4005
DEBUG 2017-09-03 10:52:21 [1] RocketLauncher.UI.Util.JoystickUtil RocketLauncher.UI.Util.JoystickUtil.getOEMName(:0) – Name is null
DEBUG 2017-09-03 10:52:21 [1] RocketLauncher.UI.Util.JoystickUtil RocketLauncher.UI.Util.JoystickUtil.getOEMName(:0) – Reading User OEM Name for VID_047D&PID_4008
DEBUG 2017-09-03 10:52:21 [1] RocketLauncher.UI.Util.JoystickUtil RocketLauncher.UI.Util.JoystickUtil.getOEMName(:0) – Name is null
DEBUG 2017-09-03 10:52:21 [1] RocketLauncher.UI.Util.JoystickUtil RocketLauncher.UI.Util.JoystickUtil.getOEMName(:0) – Reading User OEM Name for VID_05FD&PID_0253
DEBUG 2017-09-03 10:52:21 [1] RocketLauncher.UI.Util.JoystickUtil RocketLauncher.UI.Util.JoystickUtil.getOEMName(:0) – Name is null
DEBUG 2017-09-03 10:52:21 [1] RocketLauncher.UI.Util.JoystickUtil RocketLauncher.UI.Util.JoystickUtil.getOEMName(:0) – Reading User OEM Name for VID_05FD&PID_3002
DEBUG 2017-09-03 10:52:21 [1] RocketLauncher.UI.Util.JoystickUtil RocketLauncher.UI.Util.JoystickUtil.getOEMName(:0) – Name is null
DEBUG 2017-09-03 10:52:21 [1] RocketLauncher.UI.Util.JoystickUtil RocketLauncher.UI.Util.JoystickUtil.getOEMName(:0) – Reading User OEM Name for VID_06A3&PID_0101
DEBUG 2017-09-03 10:52:21 [1] RocketLauncher.UI.Util.JoystickUtil RocketLauncher.UI.Util.JoystickUtil.getOEMName(:0) – Name is null
DEBUG 2017-09-03 10:52:21 [1] RocketLauncher.UI.Util.JoystickUtil RocketLauncher.UI.Util.JoystickUtil.getOEMName(:0) – Reading User OEM Name for VID_06A3&PID_0102
DEBUG 2017-09-03 10:52:21 [1] RocketLauncher.UI.Util.JoystickUtil RocketLauncher.UI.Util.JoystickUtil.getOEMName(:0) – Name is null
DEBUG 2017-09-03 10:52:21 [1] RocketLauncher.UI.Util.JoystickUtil RocketLauncher.UI.Util.JoystickUtil.getOEMName(:0) – Reading User OEM Name for VID_06A3&PID_0104
DEBUG 2017-09-03 10:52:21 [1] RocketLauncher.UI.Util.JoystickUtil RocketLauncher.UI.Util.JoystickUtil.getOEMName(:0) – Name is null
DEBUG 2017-09-03 10:52:21 [1] RocketLauncher.UI.Util.JoystickUtil RocketLauncher.UI.Util.JoystickUtil.getOEMName(:0) – Reading User OEM Name for VID_06F8&PID_0004
DEBUG 2017-09-03 10:52:21 [1] RocketLauncher.UI.Util.JoystickUtil RocketLauncher.UI.Util.JoystickUtil.getOEMName(:0) – Name is null
DEBUG 2017-09-03 10:52:21 [1] RocketLauncher.UI.Util.JoystickUtil RocketLauncher.UI.Util.JoystickUtil.getOEMName(:0) – Reading User OEM Name for VID_06F8&PID_A300
DEBUG 2017-09-03 10:52:21 [1] RocketLauncher.UI.Util.JoystickUtil RocketLauncher.UI.Util.JoystickUtil.getOEMName(:0) – Name is null
DEBUG 2017-09-03 10:52:21 [1] RocketLauncher.UI.Util.JoystickUtil RocketLauncher.UI.Util.JoystickUtil.getOEMName(:0) – Reading User OEM Name for VID_06F8&PID_A303
DEBUG 2017-09-03 10:52:21 [1] RocketLauncher.UI.Util.JoystickUtil RocketLauncher.UI.Util.JoystickUtil.getOEMName(:0) – Name is null
DEBUG 2017-09-03 10:52:21 [1] RocketLauncher.UI.Util.JoystickUtil RocketLauncher.UI.Util.JoystickUtil.getOEMName(:0) – Reading User OEM Name for VID_1234&PID_BEAD
DEBUG 2017-09-03 10:52:21 [1] RocketLauncher.UI.Util.JoystickUtil RocketLauncher.UI.Util.JoystickUtil.getOEMName(:0) – Name is null
DEBUG 2017-09-03 10:52:21 [1] RocketLauncher.UI.Util.JoystickUtil RocketLauncher.UI.Util.JoystickUtil.getOEMName(:0) – Reading User OEM Name for VID_045E&PID_028E
DEBUG 2017-09-03 10:52:21 [1] RocketLauncher.UI.Util.JoystickUtil RocketLauncher.UI.Util.JoystickUtil.getOEMName(:0) – Name is Controller (XBOX 360 For Windows)
DEBUG 2017-09-03 10:52:21 [1] RocketLauncher.UI.Util.JoystickUtil RocketLauncher.UI.Util.JoystickUtil.getOEMName(:0) – Reading User OEM Name for VID_04D9&PID_A067
DEBUG 2017-09-03 10:52:21 [1] RocketLauncher.UI.Util.JoystickUtil RocketLauncher.UI.Util.JoystickUtil.getOEMName(:0) – Name is null
DEBUG 2017-09-03 10:52:21 [1] RocketLauncher.UI.Util.JoystickUtil RocketLauncher.UI.Util.JoystickUtil.getOEMName(:0) – Reading User OEM Name for VID_04D9&PID_A096
DEBUG 2017-09-03 10:52:21 [1] RocketLauncher.UI.Util.JoystickUtil RocketLauncher.UI.Util.JoystickUtil.getOEMName(:0) – Name is null
DEBUG 2017-09-03 10:52:21 [1] RocketLauncher.UI.Util.JoystickUtil RocketLauncher.UI.Util.JoystickUtil.getOEMName(:0) – Reading User OEM Name for VID_0D8C&PID_0134
DEBUG 2017-09-03 10:52:21 [1] RocketLauncher.UI.Util.JoystickUtil RocketLauncher.UI.Util.JoystickUtil.getOEMName(:0) – Name is null
DEBUG 2017-09-03 10:52:21 [1] RocketLauncher.UI.Util.JoystickUtil RocketLauncher.UI.Util.JoystickUtil.getOEMName(:0) – Reading User OEM Name for VID_0E8F&PID_0003
DEBUG 2017-09-03 10:52:21 [1] RocketLauncher.UI.Util.JoystickUtil RocketLauncher.UI.Util.JoystickUtil.getOEMName(:0) – Name is USB Joystick
DEBUG 2017-09-03 10:52:21 [1] RocketLauncher.UI.Util.JoystickUtil RocketLauncher.UI.Util.JoystickUtil.getOEMName(:0) – Reading User OEM Name for VID_1234&PID_BEAD
DEBUG 2017-09-03 10:52:21 [1] RocketLauncher.UI.Util.JoystickUtil RocketLauncher.UI.Util.JoystickUtil.getOEMName(:0) – Name is null
DEBUG 2017-09-03 10:52:21 [1] RocketLauncher.UI.Util.JoystickUtil RocketLauncher.UI.Util.JoystickUtil.getOEMName(:0) – Reading User OEM Name for VID_28DE&PID_1102
DEBUG 2017-09-03 10:52:21 [1] RocketLauncher.UI.Util.JoystickUtil RocketLauncher.UI.Util.JoystickUtil.getOEMName(:0) – Name is null
DEBUG 2017-09-03 10:52:21 [1] RocketLauncher.UI.Util.JoystickUtil RocketLauncher.UI.Util.JoystickUtil.getOEMName(:0) – Reading User OEM Name for VID_28DE&PID_1142
DEBUG 2017-09-03 10:52:21 [1] RocketLauncher.UI.Util.JoystickUtil RocketLauncher.UI.Util.JoystickUtil.getOEMName(:0) – Name is null
DEBUG 2017-09-03 10:52:21 [1] RocketLauncher.UI.Util.JoystickUtil RocketLauncher.UI.Util.JoystickUtil.getOEMName(:0) – Reading User OEM Name for VID_FEED&PID_FACE
DEBUG 2017-09-03 10:52:21 [1] RocketLauncher.UI.Util.JoystickUtil RocketLauncher.UI.Util.JoystickUtil.getOEMName(:0) – Name is VJoy Virtual Joystick
DEBUG 2017-09-03 10:52:21 [1] RocketLauncher.UI.Util.KeymapperLoader RocketLauncher.UI.Util.KeymapperLoader.listKeymapperProfiles(:0) – Loading AHK Profiles...
DEBUG 2017-09-03 10:52:21 [1] RocketLauncher.UI.Util.KeymapperLoader RocketLauncher.UI.Util.KeymapperLoader.listKeymapperProfiles(:0) – Loading JoyToKey Profiles...
DEBUG 2017-09-03 10:52:21 [1] RocketLauncher.UI.Util.KeymapperLoader RocketLauncher.UI.Util.KeymapperLoader.listKeymapperProfiles(:0) – Loading xPadder Profiles...
DEBUG 2017-09-03 10:52:21 [1] RocketLauncher.UI.Util.KeymapperLoader RocketLauncher.UI.Util.KeymapperLoader.listKeymapperProfiles(:0) – Loading VJoy Profiles...
DEBUG 2017-09-03 10:52:21 [1] RocketLauncher.UI.Util.KeymapperLoader RocketLauncher.UI.Util.KeymapperLoader.listKeymapperProfiles(:0) – Profiles loading complete
DEBUG 2017-09-03 10:52:21 [1] RocketLauncher.UI.Util.KeymapperLoader RocketLauncher.UI.Util.KeymapperLoader.getSystemNames(:0) – Loading System Names...
DEBUG 2017-09-03 10:52:21 [1] RocketLauncher.UI.Util.KeymapperLoader RocketLauncher.UI.Util.KeymapperLoader.getGlobalEmuNames(:0) – Loading Global Emulator Names...
DEBUG 2017-09-03 10:52:21 [1] RocketLauncher.UI.Util.KeymapperLoader RocketLauncher.UI.Util.KeymapperLoader.getSystemEmuNames(:0) – Loading System Emulator Names...
DEBUG 2017-09-03 10:52:21 [1] RocketLauncher.UI.Util.KeymapperLoader RocketLauncher.UI.Util.KeymapperLoader.listStandardKeymapperProfiles(:0) – Loading WinIPAC Profiles...
DEBUG 2017-09-03 10:52:21 [1] RocketLauncher.UI.Util.KeymapperLoader RocketLauncher.UI.Util.KeymapperLoader.listStandardKeymapperProfiles(:0) – Profiles loading complete
DEBUG 2017-09-03 10:52:21 [1] RocketLauncher.UI.Util.KeymapperLoader RocketLauncher.UI.Util.KeymapperLoader.getSystemNames(:0) – Loading System Names...
DEBUG 2017-09-03 10:52:21 [1] RocketLauncher.UI.Util.KeymapperLoader RocketLauncher.UI.Util.KeymapperLoader.getGlobalEmuNames(:0) – Loading Global Emulator Names...
DEBUG 2017-09-03 10:52:21 [1] RocketLauncher.UI.Util.KeymapperLoader RocketLauncher.UI.Util.KeymapperLoader.getSystemEmuNames(:0) – Loading System Emulator Names...
DEBUG 2017-09-03 10:52:21 [1] RocketLauncher.UI.Util.KeymapperLoader RocketLauncher.UI.Util.KeymapperLoader.listStandardKeymapperProfiles(:0) – Loading Ultramap Profiles...
DEBUG 2017-09-03 10:52:21 [1] RocketLauncher.UI.Util.KeymapperLoader RocketLauncher.UI.Util.KeymapperLoader.listStandardKeymapperProfiles(:0) – Profiles loading complete
DEBUG 2017-09-03 10:52:30 [1] RocketLauncher.UI.Ini.IniFile RocketLauncher.UI.Ini.IniFile..ctor(:0) – Loading INI File D:\RETROSHUR-BETA4-FULL-EDITION\RETROSHUR-FRONTEND\Emuladores\RocketLauncher\Settings\MAME\Emulators.ini
DEBUG 2017-09-03 10:52:30 [1] RocketLauncher.UI.Ini.IniFile RocketLauncher.UI.Ini.IniFile..ctor(:0) – Loading INI File D:\RETROSHUR-BETA4-FULL-EDITION\RETROSHUR-FRONTEND\Emuladores\RocketLauncher\Settings\Global Emulators.ini
DEBUG 2017-09-03 10:52:30 [1] RocketLauncher.UI.Ini.IniFile RocketLauncher.UI.Ini.IniFile..ctor(:0) – Loading INI File D:\RETROSHUR-BETA4-FULL-EDITION\RETROSHUR-FRONTEND\Emuladores\RocketLauncher\Settings\MAME\Emulators.ini
DEBUG 2017-09-03 10:52:30 [1] RocketLauncher.UI.Ini.IniFile RocketLauncher.UI.Ini.IniFile..ctor(:0) – Loading INI File D:\RETROSHUR-BETA4-FULL-EDITION\RETROSHUR-FRONTEND\Emuladores\RocketLauncher\Settings\MAME\Games.ini
DEBUG 2017-09-03 10:52:30 [1] RocketLauncher.UI.Ini.IniFile RocketLauncher.UI.Ini.IniFile..ctor(:0) – Loading INI File D:\RETROSHUR-BETA4-FULL-EDITION\RETROSHUR-FRONTEND\Emuladores\RocketLauncher\Settings\MAME\Emulators.ini
DEBUG 2017-09-03 10:52:30 [1] RocketLauncher.UI.Ini.IniFile RocketLauncher.UI.Ini.IniFile..ctor(:0) – Loading INI File D:\RETROSHUR-BETA4-FULL-EDITION\RETROSHUR-FRONTEND\Emuladores\RocketLauncher\Settings\MAME\Games.ini
DEBUG 2017-09-03 10:52:30 [1] RocketLauncher.UI.Ini.IniFile RocketLauncher.UI.Ini.IniFile..ctor(:0) – Loading INI File D:\RETROSHUR-BETA4-FULL-EDITION\RETROSHUR-FRONTEND\Emuladores\RocketLauncher\Settings\MAME\RocketLauncher.ini
DEBUG 2017-09-03 10:52:30 [1] RocketLauncher.UI.Ini.IniFile RocketLauncher.UI.Ini.IniFile..ctor(:0) – Loading INI File D:\RETROSHUR-BETA4-FULL-EDITION\RETROSHUR-FRONTEND\Emuladores\RocketLauncher\Settings\MAME\Pause.ini
DEBUG 2017-09-03 10:52:30 [1] RocketLauncher.UI.Ini.IniFile RocketLauncher.UI.Ini.IniFile..ctor(:0) – Loading INI File D:\RETROSHUR-BETA4-FULL-EDITION\RETROSHUR-FRONTEND\Emuladores\RocketLauncher\Settings\MAME\Bezel.ini
DEBUG 2017-09-03 10:52:30 [1] RocketLauncher.UI.Ini.IniFile RocketLauncher.UI.Ini.IniFile..ctor(:0) – Loading INI File D:\RETROSHUR-BETA4-FULL-EDITION\RETROSHUR-FRONTEND\Emuladores\RocketLauncher\Settings\MAME\Plugins.ini
DEBUG 2017-09-03 10:54:22 [7] RocketLauncher.UI.Ini.IniFile RocketLauncher.UI.Ini.IniFile..ctor(:0) – Loading INI File D:\RETROSHUR-BETA4-FULL-EDITION\RETROSHUR-FRONTEND\Emuladores\RocketLauncher\Settings\Global Emulators.ini
DEBUG 2017-09-03 10:54:22 [7] RocketLauncher.UI.Ini.IniFile RocketLauncher.UI.Ini.IniFile..ctor(:0) – Loading INI File D:\RETROSHUR-BETA4-FULL-EDITION\RETROSHUR-FRONTEND\Emuladores\RocketLauncher\Settings\MAME\Emulators.ini
DEBUG 2017-09-03 10:54:22 [7] RocketLauncher.UI.Ini.IniFile RocketLauncher.UI.Ini.IniFile..ctor(:0) – Loading INI File D:\RETROSHUR-BETA4-FULL-EDITION\RETROSHUR-FRONTEND\Emuladores\RocketLauncher\Settings\MAME\Emulators.ini
DEBUG 2017-09-03 10:54:22 [7] RocketLauncher.UI.Ini.IniFile RocketLauncher.UI.Ini.IniFile..ctor(:0) – Loading INI File D:\RETROSHUR-BETA4-FULL-EDITION\RETROSHUR-FRONTEND\Emuladores\RocketLauncher\Settings\MAME\Games.ini
DEBUG 2017-09-03 10:54:31 [1] RocketLauncher.UI.Forms.BaseWindow RocketLauncher.UI.Forms.BaseWindow.TimerEventProcessor(:0) – RocketLauncher was closed, trying to reactivate RLUI window
DEBUG 2017-09-03 11:03:13 [1] RocketLauncher.UI.Forms.BaseWindow RocketLauncher.UI.Forms.BaseWindow.TimerEventProcessor(:0) – RocketLauncher was closed, trying to reactivate RLUI window
DEBUG 2017-09-03 11:03:22 [1] RocketLauncher.UI.Ini.IniFile RocketLauncher.UI.Ini.IniFile..ctor(:0) – Loading INI File D:\RETROSHUR-BETA4-FULL-EDITION\RETROSHUR-FRONTEND\Emuladores\RocketLauncher\Settings\Global Emulators.ini
DEBUG 2017-09-03 11:03:22 [1] RocketLauncher.UI.Ini.IniFile RocketLauncher.UI.Ini.IniFile..ctor(:0) – Loading INI File D:\RETROSHUR-BETA4-FULL-EDITION\RETROSHUR-FRONTEND\Emuladores\RocketLauncher\Settings\Global Emulators.ini
DEBUG 2017-09-03 11:03:23 [1] RocketLauncher.UI.Ini.IniFile RocketLauncher.UI.Ini.IniFile..ctor(:0) – Loading INI File D:\RETROSHUR-BETA4-FULL-EDITION\RETROSHUR-FRONTEND\Emuladores\RocketLauncher\Settings\MAME\Emulators.ini
DEBUG 2017-09-03 11:03:23 [1] RocketLauncher.UI.Ini.IniFile RocketLauncher.UI.Ini.IniFile..ctor(:0) – Loading INI File D:\RETROSHUR-BETA4-FULL-EDITION\RETROSHUR-FRONTEND\Emuladores\RocketLauncher\Modules\RetroArch\RetroArch.ini
DEBUG 2017-09-03 11:03:26 [1] RocketLauncher.UI.Forms.BaseWindow RocketLauncher.UI.Forms.BaseWindow.findFile(:0) – Opening Windows File Dialog
DEBUG 2017-09-03 11:03:37 [1] RocketLauncher.UI.Forms.BaseWindow RocketLauncher.UI.Forms.BaseWindow.findFile(:0) – Selected file was : D:\RETROSHUR-BETA4-FULL-EDITION\RETROSHUR-FRONTEND\Emuladores\RetroArch\cores\mame_libretro.dll
DEBUG 2017-09-03 11:03:37 [1] RocketLauncher.UI.Forms.BaseWindow RocketLauncher.UI.Forms.BaseWindow.findFile(:0) – Returning : D:\RETROSHUR-BETA4-FULL-EDITION\RETROSHUR-FRONTEND\Emuladores\RetroArch\cores\mame_libretro.dll
DEBUG 2017-09-03 11:04:10 [1] RocketLauncher.UI.Forms.BaseWindow RocketLauncher.UI.Forms.BaseWindow.TimerEventProcessor(:0) – RocketLauncher was closed, trying to reactivate RLUI window
DEBUG 2017-09-03 11:04:16 [1] RocketLauncher.UI.Ini.IniFile RocketLauncher.UI.Ini.IniFile..ctor(:0) – Loading INI File D:\RETROSHUR-BETA4-FULL-EDITION\RETROSHUR-FRONTEND\Emuladores\RocketLauncher\Settings\Global Emulators.ini
DEBUG 2017-09-03 11:04:16 [1] RocketLauncher.UI.Ini.IniFile RocketLauncher.UI.Ini.IniFile..ctor(:0) – Loading INI File D:\RETROSHUR-BETA4-FULL-EDITION\RETROSHUR-FRONTEND\Emuladores\RocketLauncher\Settings\Global Emulators.ini
DEBUG 2017-09-03 11:04:17 [1] RocketLauncher.UI.Ini.IniFile RocketLauncher.UI.Ini.IniFile..ctor(:0) – Loading INI File D:\RETROSHUR-BETA4-FULL-EDITION\RETROSHUR-FRONTEND\Emuladores\RocketLauncher\Settings\MAME\Emulators.ini
DEBUG 2017-09-03 11:04:17 [1] RocketLauncher.UI.Ini.IniFile RocketLauncher.UI.Ini.IniFile..ctor(:0) – Loading INI File D:\RETROSHUR-BETA4-FULL-EDITION\RETROSHUR-FRONTEND\Emuladores\RocketLauncher\Modules\RetroArch\RetroArch.ini
DEBUG 2017-09-03 11:06:14 [1] RocketLauncher.UI.Forms.BaseWindow RocketLauncher.UI.Forms.BaseWindow.findFile(:0) – Opening Windows File Dialog
DEBUG 2017-09-03 11:06:16 [1] RocketLauncher.UI.Forms.BaseWindow RocketLauncher.UI.Forms.BaseWindow.findFile(:0) – Dialog returned false!
DEBUG 2017-09-03 11:06:52 [1] RocketLauncher.UI.Forms.BaseWindow RocketLauncher.UI.Forms.BaseWindow.TimerEventProcessor(:0) – RocketLauncher was closed, trying to reactivate RLUI window
DEBUG 2017-09-03 11:12:31 [1] RocketLauncher.UI.Forms.BaseWindow RocketLauncher.UI.Forms.BaseWindow.TimerEventProcessor(:0) – RocketLauncher was closed, trying to reactivate RLUI window
DEBUG 2017-09-03 12:34:27 [1] RocketLauncher.UI.Forms.BaseWindow RocketLauncher.UI.Forms.BaseWindow.TimerEventProcessor(:0) – RocketLauncher was closed, trying to reactivate RLUI window
DEBUG 2017-09-03 12:58:36 [1] RocketLauncher.UI.Forms.BaseWindow RocketLauncher.UI.Forms.BaseWindow.TimerEventProcessor(:0) – RocketLauncher was closed, trying to reactivate RLUI window
DEBUG 2017-09-03 12:59:12 [1] RocketLauncher.UI.Forms.BaseWindow RocketLauncher.UI.Forms.BaseWindow.TimerEventProcessor(:0) – RocketLauncher was closed, trying to reactivate RLUI window
DEBUG 2017-09-03 01:00:06 [1] RocketLauncher.UI.Forms.BaseWindow RocketLauncher.UI.Forms.BaseWindow.TimerEventProcessor(:0) – RocketLauncher was closed, trying to reactivate RLUI window
DEBUG 2017-09-03 01:00:54 [1] RocketLauncher.UI.Forms.BaseWindow RocketLauncher.UI.Forms.BaseWindow.TimerEventProcessor(:0) – RocketLauncher was closed, trying to reactivate RLUI window
DEBUG 2017-09-03 01:03:11 [1] RocketLauncher.UI.Forms.BaseWindow RocketLauncher.UI.Forms.BaseWindow.TimerEventProcessor(:0) – RocketLauncher was closed, trying to reactivate RLUI window
DEBUG 2017-09-03 01:04:01 [1] RocketLauncher.UI.Forms.BaseWindow RocketLauncher.UI.Forms.BaseWindow.TimerEventProcessor(:0) – RocketLauncher was closed, trying to reactivate RLUI window
DEBUG 2017-09-03 01:04:35 [1] RocketLauncher.UI.Forms.BaseWindow RocketLauncher.UI.Forms.BaseWindow.TimerEventProcessor(:0) – RocketLauncher was closed, trying to reactivate RLUI window
DEBUG 2017-09-03 01:05:28 [1] RocketLauncher.UI.Forms.BaseWindow RocketLauncher.UI.Forms.BaseWindow.TimerEventProcessor(:0) – RocketLauncher was closed, trying to reactivate RLUI window
DEBUG 2017-09-03 01:06:59 [1] RocketLauncher.UI.Forms.BaseWindow RocketLauncher.UI.Forms.BaseWindow.TimerEventProcessor(:0) – RocketLauncher was closed, trying to reactivate RLUI window
DEBUG 2017-09-03 01:08:00 [1] RocketLauncher.UI.Forms.BaseWindow RocketLauncher.UI.Forms.BaseWindow.TimerEventProcessor(:0) – RocketLauncher was closed, trying to reactivate RLUI window
DEBUG 2017-09-03 01:09:02 [1] RocketLauncher.UI.Forms.BaseWindow RocketLauncher.UI.Forms.BaseWindow.TimerEventProcessor(:0) – RocketLauncher was closed, trying to reactivate RLUI window
DEBUG 2017-09-03 01:12:41 [1] RocketLauncher.UI.Forms.BaseWindow RocketLauncher.UI.Forms.BaseWindow.TimerEventProcessor(:0) – RocketLauncher was closed, trying to reactivate RLUI window
DEBUG 2017-09-03 01:13:08 [1] RocketLauncher.UI.Forms.BaseWindow RocketLauncher.UI.Forms.BaseWindow.TimerEventProcessor(:0) – RocketLauncher was closed, trying to reactivate RLUI window
DEBUG 2017-09-03 01:14:11 [1] RocketLauncher.UI.Forms.BaseWindow RocketLauncher.UI.Forms.BaseWindow.TimerEventProcessor(:0) – RocketLauncher was closed, trying to reactivate RLUI window
DEBUG 2017-09-03 01:14:44 [1] RocketLauncher.UI.Forms.BaseWindow RocketLauncher.UI.Forms.BaseWindow.TimerEventProcessor(:0) – RocketLauncher was closed, trying to reactivate RLUI window
DEBUG 2017-09-03 01:15:06 [1] RocketLauncher.UI.Forms.BaseWindow RocketLauncher.UI.Forms.BaseWindow.TimerEventProcessor(:0) – RocketLauncher was closed, trying to reactivate RLUI window
DEBUG 2017-09-03 01:15:10 [1] RocketLauncher.UI.Ini.IniFile RocketLauncher.UI.Ini.IniFile..ctor(:0) – Loading INI File D:\RETROSHUR-BETA4-FULL-EDITION\RETROSHUR-FRONTEND\Emuladores\RocketLauncher\Settings\Global Emulators.ini
DEBUG 2017-09-03 01:15:19 [1] RocketLauncher.UI.Ini.IniFile RocketLauncher.UI.Ini.IniFile..ctor(:0) – Loading INI File D:\RETROSHUR-BETA4-FULL-EDITION\RETROSHUR-FRONTEND\Emuladores\RocketLauncher\Settings\Global Emulators.ini
DEBUG 2017-09-03 01:15:19 [1] RocketLauncher.UI.Ini.IniFile RocketLauncher.UI.Ini.IniFile..ctor(:0) – Loading INI File D:\RETROSHUR-BETA4-FULL-EDITION\RETROSHUR-FRONTEND\Emuladores\RocketLauncher\Settings\Global Emulators.ini
DEBUG 2017-09-03 01:15:19 [1] RocketLauncher.UI.Ini.IniFile RocketLauncher.UI.Ini.IniFile..ctor(:0) – Loading INI File D:\RETROSHUR-BETA4-FULL-EDITION\RETROSHUR-FRONTEND\Emuladores\RocketLauncher\Settings\MAME\Emulators.ini
DEBUG 2017-09-03 01:15:19 [1] RocketLauncher.UI.Ini.IniFile RocketLauncher.UI.Ini.IniFile..ctor(:0) – Loading INI File D:\RETROSHUR-BETA4-FULL-EDITION\RETROSHUR-FRONTEND\Emuladores\RocketLauncher\Modules\RetroArch\RetroArch.ini
DEBUG 2017-09-03 01:15:37 [1] RocketLauncher.UI.Forms.BaseWindow RocketLauncher.UI.Forms.BaseWindow.findFile(:0) – Opening Windows File Dialog
DEBUG 2017-09-03 01:15:57 [1] RocketLauncher.UI.Forms.BaseWindow RocketLauncher.UI.Forms.BaseWindow.findFile(:0) – Selected file was : D:\RETROSHUR-BETA4-FULL-EDITION\RETROSHUR-FRONTEND\Emuladores\RetroArch\cores\mame2014_libretro.dll
DEBUG 2017-09-03 01:15:57 [1] RocketLauncher.UI.Forms.BaseWindow RocketLauncher.UI.Forms.BaseWindow.findFile(:0) – Returning : D:\RETROSHUR-BETA4-FULL-EDITION\RETROSHUR-FRONTEND\Emuladores\RetroArch\cores\mame2014_libretro.dll
DEBUG 2017-09-03 01:16:10 [1] RocketLauncher.UI.Forms.BaseWindow RocketLauncher.UI.Forms.BaseWindow.TimerEventProcessor(:0) – RocketLauncher was closed, trying to reactivate RLUI window
DEBUG 2017-09-03 01:16:15 [1] RocketLauncher.UI.Forms.BaseWindow RocketLauncher.UI.Forms.BaseWindow.findFile(:0) – Opening Windows File Dialog
DEBUG 2017-09-03 01:16:25 [1] RocketLauncher.UI.Forms.BaseWindow RocketLauncher.UI.Forms.BaseWindow.findFile(:0) – Selected file was : D:\RETROSHUR-BETA4-FULL-EDITION\RETROSHUR-FRONTEND\Emuladores\RetroArch\cores\mame2003_libretro.dll
DEBUG 2017-09-03 01:16:25 [1] RocketLauncher.UI.Forms.BaseWindow RocketLauncher.UI.Forms.BaseWindow.findFile(:0) – Returning : D:\RETROSHUR-BETA4-FULL-EDITION\RETROSHUR-FRONTEND\Emuladores\RetroArch\cores\mame2003_libretro.dll
DEBUG 2017-09-03 01:17:07 [1] RocketLauncher.UI.Forms.BaseWindow RocketLauncher.UI.Forms.BaseWindow.TimerEventProcessor(:0) – RocketLauncher was closed, trying to reactivate RLUI window
DEBUG 2017-09-03 01:18:12 [1] RocketLauncher.UI.Ini.IniFile RocketLauncher.UI.Ini.IniFile..ctor(:0) – Loading INI File D:\RETROSHUR-BETA4-FULL-EDITION\RETROSHUR-FRONTEND\Emuladores\RocketLauncher\Settings\Sega Game Gear\Emulators.ini
DEBUG 2017-09-03 01:18:12 [1] RocketLauncher.UI.Ini.IniFile RocketLauncher.UI.Ini.IniFile..ctor(:0) – Loading INI File D:\RETROSHUR-BETA4-FULL-EDITION\RETROSHUR-FRONTEND\Emuladores\RocketLauncher\Settings\Global Emulators.ini
DEBUG 2017-09-03 01:18:12 [1] RocketLauncher.UI.Ini.IniFile RocketLauncher.UI.Ini.IniFile..ctor(:0) – Loading INI File D:\RETROSHUR-BETA4-FULL-EDITION\RETROSHUR-FRONTEND\Emuladores\RocketLauncher\Settings\Sega Game Gear\Emulators.ini
DEBUG 2017-09-03 01:18:12 [1] RocketLauncher.UI.Ini.IniFile RocketLauncher.UI.Ini.IniFile..ctor(:0) – Loading INI File D:\RETROSHUR-BETA4-FULL-EDITION\RETROSHUR-FRONTEND\Emuladores\RocketLauncher\Settings\Sega Game Gear\Games.ini
DEBUG 2017-09-03 01:18:12 [1] RocketLauncher.UI.Ini.IniFile RocketLauncher.UI.Ini.IniFile..ctor(:0) – Loading INI File D:\RETROSHUR-BETA4-FULL-EDITION\RETROSHUR-FRONTEND\Emuladores\RocketLauncher\Settings\Sega Game Gear\Emulators.ini
DEBUG 2017-09-03 01:18:12 [1] RocketLauncher.UI.Ini.IniFile RocketLauncher.UI.Ini.IniFile..ctor(:0) – Loading INI File D:\RETROSHUR-BETA4-FULL-EDITION\RETROSHUR-FRONTEND\Emuladores\RocketLauncher\Settings\Sega Game Gear\Games.ini
DEBUG 2017-09-03 01:18:12 [1] RocketLauncher.UI.Ini.IniFile RocketLauncher.UI.Ini.IniFile..ctor(:0) – Loading INI File D:\RETROSHUR-BETA4-FULL-EDITION\RETROSHUR-FRONTEND\Emuladores\RocketLauncher\Settings\Sega Game Gear\RocketLauncher.ini
DEBUG 2017-09-03 01:18:12 [1] RocketLauncher.UI.Ini.IniFile RocketLauncher.UI.Ini.IniFile..ctor(:0) – Loading INI File D:\RETROSHUR-BETA4-FULL-EDITION\RETROSHUR-FRONTEND\Emuladores\RocketLauncher\Settings\Sega Game Gear\Pause.ini
DEBUG 2017-09-03 01:18:12 [1] RocketLauncher.UI.Ini.IniFile RocketLauncher.UI.Ini.IniFile..ctor(:0) – Loading INI File D:\RETROSHUR-BETA4-FULL-EDITION\RETROSHUR-FRONTEND\Emuladores\RocketLauncher\Settings\Sega Game Gear\Bezel.ini
DEBUG 2017-09-03 01:18:12 [1] RocketLauncher.UI.Ini.IniFile RocketLauncher.UI.Ini.IniFile..ctor(:0) – Loading INI File D:\RETROSHUR-BETA4-FULL-EDITION\RETROSHUR-FRONTEND\Emuladores\RocketLauncher\Settings\Sega Game Gear\Plugins.ini
DEBUG 2017-09-03 01:18:14 [9] RocketLauncher.UI.Ini.IniFile RocketLauncher.UI.Ini.IniFile..ctor(:0) – Loading INI File D:\RETROSHUR-BETA4-FULL-EDITION\RETROSHUR-FRONTEND\Emuladores\RocketLauncher\Settings\Global Emulators.ini
DEBUG 2017-09-03 01:18:14 [9] RocketLauncher.UI.Ini.IniFile RocketLauncher.UI.Ini.IniFile..ctor(:0) – Loading INI File D:\RETROSHUR-BETA4-FULL-EDITION\RETROSHUR-FRONTEND\Emuladores\RocketLauncher\Settings\Sega Game Gear\Emulators.ini
DEBUG 2017-09-03 01:18:14 [9] RocketLauncher.UI.Ini.IniFile RocketLauncher.UI.Ini.IniFile..ctor(:0) – Loading INI File D:\RETROSHUR-BETA4-FULL-EDITION\RETROSHUR-FRONTEND\Emuladores\RocketLauncher\Settings\Sega Game Gear\Emulators.ini
DEBUG 2017-09-03 01:18:14 [9] RocketLauncher.UI.Ini.IniFile RocketLauncher.UI.Ini.IniFile..ctor(:0) – Loading INI File D:\RETROSHUR-BETA4-FULL-EDITION\RETROSHUR-FRONTEND\Emuladores\RocketLauncher\Settings\Sega Game Gear\Games.ini
DEBUG 2017-09-03 01:18:23 [1] RocketLauncher.UI.Forms.BaseWindow RocketLauncher.UI.Forms.BaseWindow.TimerEventProcessor(:0) – RocketLauncher was closed, trying to reactivate RLUI window
DEBUG 2017-09-03 01:20:01 [1] RocketLauncher.UI.Ini.IniFile RocketLauncher.UI.Ini.IniFile..ctor(:0) – Loading INI File D:\RETROSHUR-BETA4-FULL-EDITION\RETROSHUR-FRONTEND\Emuladores\RocketLauncher\Settings\Global Emulators.ini
DEBUG 2017-09-03 01:20:01 [1] RocketLauncher.UI.Ini.IniFile RocketLauncher.UI.Ini.IniFile..ctor(:0) – Loading INI File D:\RETROSHUR-BETA4-FULL-EDITION\RETROSHUR-FRONTEND\Emuladores\RocketLauncher\Settings\Global RocketLauncher.ini
DEBUG 2017-09-03 01:20:01 [1] RocketLauncher.UI.Ini.IniFile RocketLauncher.UI.Ini.IniFile..ctor(:0) – Loading INI File D:\RETROSHUR-BETA4-FULL-EDITION\RETROSHUR-FRONTEND\Emuladores\RocketLauncher\Settings\Global Pause.ini
DEBUG 2017-09-03 01:20:01 [1] RocketLauncher.UI.Ini.IniFile RocketLauncher.UI.Ini.IniFile..ctor(:0) – Loading INI File D:\RETROSHUR-BETA4-FULL-EDITION\RETROSHUR-FRONTEND\Emuladores\RocketLauncher\Settings\Global Bezel.ini
DEBUG 2017-09-03 01:20:02 [1] RocketLauncher.UI.Ini.IniFile RocketLauncher.UI.Ini.IniFile..ctor(:0) – Loading INI File D:\RETROSHUR-BETA4-FULL-EDITION\RETROSHUR-FRONTEND\Emuladores\RocketLauncher\Settings\Global Plugins.ini
DEBUG 2017-09-03 01:20:02 [1] RocketLauncher.UI.Forms.BaseWindow RocketLauncher.UI.Forms.BaseWindow.refreshSystemsList(:0) – Database being read from Systems.xml according to plugin
DEBUG 2017-09-03 01:20:02 [1] RocketLauncher.UI.Forms.BaseWindow RocketLauncher.UI.Forms.BaseWindow.refreshSystemsList(:0) – Loading systems complete. 61 systems found
DEBUG 2017-09-03 01:20:02 [1] RocketLauncher.UI.Forms.BaseWindow RocketLauncher.UI.Forms.BaseWindow.updateWindowTitle(:0) – Updating Main Window title...
DEBUG 2017-09-03 01:20:02 [1] RocketLauncher.UI.Forms.BaseWindow RocketLauncher.UI.Forms.BaseWindow.updateWindowTitle(:0) – Active plugin is RocketLauncherUI on version v1.0.0
DEBUG 2017-09-03 01:20:02 [1] RocketLauncher.UI.Forms.BaseWindow RocketLauncher.UI.Forms.BaseWindow.updateWindowTitle(:0) – Main Window title Updated to RocketLauncherUI v1.0.1.7 [ FE = RocketLauncherUI | Plugin = RocketLauncherUI ]
DEBUG 2017-09-03 01:20:12 [1] RocketLauncher.UI.Ini.IniFile RocketLauncher.UI.Ini.IniFile..ctor(:0) – Loading INI File D:\RETROSHUR-BETA4-FULL-EDITION\RETROSHUR-FRONTEND\Emuladores\RocketLauncher\Settings\Global Emulators.ini
DEBUG 2017-09-03 01:20:12 [1] RocketLauncher.UI.Ini.IniFile RocketLauncher.UI.Ini.IniFile..ctor(:0) – Loading INI File D:\RETROSHUR-BETA4-FULL-EDITION\RETROSHUR-FRONTEND\Emuladores\RocketLauncher\Settings\Global Emulators.ini
DEBUG 2017-09-03 01:20:52 [1] RocketLauncher.UI.Ini.IniFile RocketLauncher.UI.Ini.IniFile..ctor(:0) – Loading INI File D:\RETROSHUR-BETA4-FULL-EDITION\RETROSHUR-FRONTEND\Emuladores\RocketLauncher\Settings\Sega Game Gear\Emulators.ini
DEBUG 2017-09-03 01:20:52 [1] RocketLauncher.UI.Ini.IniFile RocketLauncher.UI.Ini.IniFile..ctor(:0) – Loading INI File D:\RETROSHUR-BETA4-FULL-EDITION\RETROSHUR-FRONTEND\Emuladores\RocketLauncher\Settings\Sega Game Gear\Emulators.ini
DEBUG 2017-09-03 01:20:52 [1] RocketLauncher.UI.Ini.IniFile RocketLauncher.UI.Ini.IniFile..ctor(:0) – Loading INI File D:\RETROSHUR-BETA4-FULL-EDITION\RETROSHUR-FRONTEND\Emuladores\RocketLauncher\Settings\Global Emulators.ini
DEBUG 2017-09-03 01:20:52 [1] RocketLauncher.UI.Ini.IniFile RocketLauncher.UI.Ini.IniFile..ctor(:0) – Loading INI File D:\RETROSHUR-BETA4-FULL-EDITION\RETROSHUR-FRONTEND\Emuladores\RocketLauncher\Settings\Sega Game Gear\Emulators.ini
DEBUG 2017-09-03 01:20:53 [1] RocketLauncher.UI.Forms.BaseWindow RocketLauncher.UI.Forms.BaseWindow.refreshSystemsList(:0) – Database being read from Systems.xml according to plugin
DEBUG 2017-09-03 01:20:53 [1] RocketLauncher.UI.Forms.BaseWindow RocketLauncher.UI.Forms.BaseWindow.refreshSystemsList(:0) – Loading systems complete. 62 systems found
DEBUG 2017-09-03 01:20:53 [1] RocketLauncher.UI.Forms.BaseWindow RocketLauncher.UI.Forms.BaseWindow.updateWindowTitle(:0) – Updating Main Window title...
DEBUG 2017-09-03 01:20:53 [1] RocketLauncher.UI.Forms.BaseWindow RocketLauncher.UI.Forms.BaseWindow.updateWindowTitle(:0) – Active plugin is RocketLauncherUI on version v1.0.0
DEBUG 2017-09-03 01:20:53 [1] RocketLauncher.UI.Forms.BaseWindow RocketLauncher.UI.Forms.BaseWindow.updateWindowTitle(:0) – Main Window title Updated to RocketLauncherUI v1.0.1.7 [ FE = RocketLauncherUI | Plugin = RocketLauncherUI ]
DEBUG 2017-09-03 01:20:53 [1] RocketLauncher.UI.Ini.IniFile RocketLauncher.UI.Ini.IniFile..ctor(:0) – Loading INI File D:\RETROSHUR-BETA4-FULL-EDITION\RETROSHUR-FRONTEND\Emuladores\RocketLauncher\Settings\Sega Game Gear\Emulators.ini
DEBUG 2017-09-03 01:20:53 [1] RocketLauncher.UI.Ini.IniFile RocketLauncher.UI.Ini.IniFile..ctor(:0) – Loading INI File D:\RETROSHUR-BETA4-FULL-EDITION\RETROSHUR-FRONTEND\Emuladores\RocketLauncher\Settings\Global Emulators.ini
DEBUG 2017-09-03 01:20:53 [1] RocketLauncher.UI.Ini.IniFile RocketLauncher.UI.Ini.IniFile..ctor(:0) – Loading INI File D:\RETROSHUR-BETA4-FULL-EDITION\RETROSHUR-FRONTEND\Emuladores\RocketLauncher\Settings\Sega Game Gear\Emulators.ini
DEBUG 2017-09-03 01:20:53 [1] RocketLauncher.UI.Ini.IniFile RocketLauncher.UI.Ini.IniFile..ctor(:0) – Loading INI File D:\RETROSHUR-BETA4-FULL-EDITION\RETROSHUR-FRONTEND\Emuladores\RocketLauncher\Settings\Sega Game Gear\Emulators.ini
DEBUG 2017-09-03 01:20:53 [1] RocketLauncher.UI.Ini.IniFile RocketLauncher.UI.Ini.IniFile..ctor(:0) – Loading INI File D:\RETROSHUR-BETA4-FULL-EDITION\RETROSHUR-FRONTEND\Emuladores\RocketLauncher\Settings\Sega Game Gear\Games.ini
DEBUG 2017-09-03 01:20:53 [1] RocketLauncher.UI.Ini.IniFile RocketLauncher.UI.Ini.IniFile..ctor(:0) – Loading INI File D:\RETROSHUR-BETA4-FULL-EDITION\RETROSHUR-FRONTEND\Emuladores\RocketLauncher\Settings\Sega Game Gear\RocketLauncher.ini
DEBUG 2017-09-03 01:20:53 [1] RocketLauncher.UI.Ini.IniFile RocketLauncher.UI.Ini.IniFile..ctor(:0) – Loading INI File D:\RETROSHUR-BETA4-FULL-EDITION\RETROSHUR-FRONTEND\Emuladores\RocketLauncher\Settings\Sega Game Gear\Pause.ini
DEBUG 2017-09-03 01:20:53 [1] RocketLauncher.UI.Ini.IniFile RocketLauncher.UI.Ini.IniFile..ctor(:0) – Loading INI File D:\RETROSHUR-BETA4-FULL-EDITION\RETROSHUR-FRONTEND\Emuladores\RocketLauncher\Settings\Sega Game Gear\Bezel.ini
DEBUG 2017-09-03 01:20:53 [1] RocketLauncher.UI.Ini.IniFile RocketLauncher.UI.Ini.IniFile..ctor(:0) – Loading INI File D:\RETROSHUR-BETA4-FULL-EDITION\RETROSHUR-FRONTEND\Emuladores\RocketLauncher\Settings\Sega Game Gear\Plugins.ini
DEBUG 2017-09-03 01:20:56 [11] RocketLauncher.UI.Ini.IniFile RocketLauncher.UI.Ini.IniFile..ctor(:0) – Loading INI File D:\RETROSHUR-BETA4-FULL-EDITION\RETROSHUR-FRONTEND\Emuladores\RocketLauncher\Settings\Global Emulators.ini
DEBUG 2017-09-03 01:20:56 [11] RocketLauncher.UI.Ini.IniFile RocketLauncher.UI.Ini.IniFile..ctor(:0) – Loading INI File D:\RETROSHUR-BETA4-FULL-EDITION\RETROSHUR-FRONTEND\Emuladores\RocketLauncher\Settings\Sega Game Gear\Emulators.ini
DEBUG 2017-09-03 01:20:56 [11] RocketLauncher.UI.Ini.IniFile RocketLauncher.UI.Ini.IniFile..ctor(:0) – Loading INI File D:\RETROSHUR-BETA4-FULL-EDITION\RETROSHUR-FRONTEND\Emuladores\RocketLauncher\Settings\Sega Game Gear\Emulators.ini
DEBUG 2017-09-03 01:20:56 [11] RocketLauncher.UI.Ini.IniFile RocketLauncher.UI.Ini.IniFile..ctor(:0) – Loading INI File D:\RETROSHUR-BETA4-FULL-EDITION\RETROSHUR-FRONTEND\Emuladores\RocketLauncher\Settings\Sega Game Gear\Games.ini
DEBUG 2017-09-03 01:21:22 [1] RocketLauncher.UI.Ini.RocketLauncherUIIni RocketLauncher.UI.Ini.RocketLauncherUIIni.updateWindowCoordinates(:0) – Updating window coordinates, From : 1150|960|409|39 To : 1150|960|305|80
